2026-03-12 00:00:02.022 [http-nio-8080-exec-1] INFO  o.a.c.c.ContainerBase.[Tomcat].[localhost].[/api] - Initializing Spring DispatcherServlet 'dispatcherServlet'
2026-03-12 00:00:02.057 [http-nio-8080-exec-1] INFO  org.springframework.web.servlet.DispatcherServlet - Initializing Servlet 'dispatcherServlet'
2026-03-12 00:00:02.060 [http-nio-8080-exec-1] DEBUG org.springframework.web.servlet.DispatcherServlet - Detected StandardServletMultipartResolver
2026-03-12 00:00:02.061 [http-nio-8080-exec-1] DEBUG org.springframework.web.servlet.DispatcherServlet - Detected AcceptHeaderLocaleResolver
2026-03-12 00:00:02.077 [http-nio-8080-exec-1] DEBUG org.springframework.web.servlet.DispatcherServlet - Detected FixedThemeResolver
2026-03-12 00:00:02.081 [http-nio-8080-exec-1] DEBUG org.springframework.web.servlet.DispatcherServlet - Detected org.springframework.web.servlet.view.DefaultRequestToViewNameTranslator@7094c61d
2026-03-12 00:00:02.082 [http-nio-8080-exec-1] DEBUG org.springframework.web.servlet.DispatcherServlet - Detected org.springframework.web.servlet.support.SessionFlashMapManager@7bdacfb1
2026-03-12 00:00:02.084 [http-nio-8080-exec-1] DEBUG org.springframework.web.servlet.DispatcherServlet - enableLoggingRequestDetails='false': request parameters and headers will be masked to prevent unsafe logging of potentially sensitive data
2026-03-12 00:00:02.085 [http-nio-8080-exec-1] INFO  org.springframework.web.servlet.DispatcherServlet - Completed initialization in 24 ms
2026-03-12 00:00:02.223 [http-nio-8080-exec-2] DEBUG org.springframework.web.servlet.DispatcherServlet - GET "/api/users/profile?_t=1773244801821", parameters={masked}
2026-03-12 00:00:02.229 [http-nio-8080-exec-2] DEBUG o.s.w.s.m.m.a.RequestMappingHandlerMapping - Mapped to com.campus.yujianhaowu.controller.UserController#getCurrentUser(HttpServletRequest)
2026-03-12 00:00:02.285 [http-nio-8080-exec-2] INFO  c.campus.yujianhaowu.service.impl.UserServiceImpl - === [getCurrentUser] userId: 3
2026-03-12 00:00:02.361 [http-nio-8080-exec-2] INFO  com.zaxxer.hikari.HikariDataSource - YujianHaoWuHikariCP - Starting...
2026-03-12 00:00:02.865 [http-nio-8080-exec-2] INFO  com.zaxxer.hikari.pool.HikariPool - YujianHaoWuHikariCP - Added connection com.mysql.cj.jdbc.ConnectionImpl@2d4e6624
2026-03-12 00:00:02.872 [http-nio-8080-exec-2] INFO  com.zaxxer.hikari.HikariDataSource - YujianHaoWuHikariCP - Start completed.
2026-03-12 00:00:03.049 [http-nio-8080-exec-2] INFO  c.campus.yujianhaowu.service.impl.UserServiceImpl - 查询结果：user found: wangkt
2026-03-12 00:00:03.166 [http-nio-8080-exec-2] DEBUG o.s.w.s.m.m.a.RequestResponseBodyMethodProcessor - Using 'application/json', given [application/json, text/plain, */*] and supported [application/json, application/*+json]
2026-03-12 00:00:03.183 [http-nio-8080-exec-2] DEBUG o.s.w.s.m.m.a.RequestResponseBodyMethodProcessor - Writing [Result(code=200, message=操作成功, data=UserVO(id=3, username=wangkt, nickname=王五, avatar=null, phone=13 (truncated)...]
2026-03-12 00:00:03.256 [http-nio-8080-exec-2] DEBUG org.springframework.web.servlet.DispatcherServlet - Completed 200 OK
2026-03-12 00:00:03.283 [http-nio-8080-exec-4] DEBUG org.springframework.web.servlet.DispatcherServlet - POST "/api/products", parameters={}
2026-03-12 00:00:03.284 [http-nio-8080-exec-4] DEBUG o.s.w.s.m.m.a.RequestMappingHandlerMapping - Mapped to com.campus.yujianhaowu.controller.ProductController#createProduct(Product, HttpServletRequest)
2026-03-12 00:00:03.391 [http-nio-8080-exec-4] DEBUG o.s.w.s.m.m.a.RequestResponseBodyMethodProcessor - Read "application/json;charset=UTF-8" to [Product(name=撒旦发生, description=撒打发, price=0.01, originalPrice=null, stock=0, categoryId=1, sellerId= (truncated)...]
2026-03-12 00:00:24.789 [http-nio-8080-exec-4] INFO  c.c.yujianhaowu.service.impl.ProductServiceImpl - 创建商品 - userId: 3, username: wangkt, role: seller
2026-03-12 00:00:24.951 [http-nio-8080-exec-4] INFO  c.c.yujianhaowu.service.impl.ProductServiceImpl - 商品创建成功，productId: 1
2026-03-12 00:00:24.996 [http-nio-8080-exec-4] DEBUG o.s.w.s.m.m.a.RequestResponseBodyMethodProcessor - Using 'application/json', given [application/json, text/plain, */*] and supported [application/json, application/*+json]
2026-03-12 00:00:24.996 [http-nio-8080-exec-4] DEBUG o.s.w.s.m.m.a.RequestResponseBodyMethodProcessor - Writing [Result(code=200, message=操作成功, data=1, timestamp=1773244824995)]
2026-03-12 00:00:24.999 [http-nio-8080-exec-4] DEBUG org.springframework.web.servlet.DispatcherServlet - Completed 200 OK
2026-03-12 00:01:00.651 [http-nio-8080-exec-6] DEBUG org.springframework.web.servlet.DispatcherServlet - GET "/api/users/profile?_t=1773244860619", parameters={masked}
2026-03-12 00:01:00.658 [http-nio-8080-exec-6] DEBUG o.s.w.s.m.m.a.RequestMappingHandlerMapping - Mapped to com.campus.yujianhaowu.controller.UserController#getCurrentUser(HttpServletRequest)
2026-03-12 00:01:00.660 [http-nio-8080-exec-6] INFO  c.campus.yujianhaowu.service.impl.UserServiceImpl - === [getCurrentUser] userId: 3
2026-03-12 00:01:00.732 [http-nio-8080-exec-6] INFO  c.campus.yujianhaowu.service.impl.UserServiceImpl - 查询结果：user found: wangkt
2026-03-12 00:01:00.740 [http-nio-8080-exec-6] DEBUG o.s.w.s.m.m.a.RequestResponseBodyMethodProcessor - Using 'application/json', given [application/json, text/plain, */*] and supported [application/json, application/*+json]
2026-03-12 00:01:00.743 [http-nio-8080-exec-6] DEBUG o.s.w.s.m.m.a.RequestResponseBodyMethodProcessor - Writing [Result(code=200, message=操作成功, data=UserVO(id=3, username=wangkt, nickname=王五, avatar=null, phone=13 (truncated)...]
2026-03-12 00:01:00.750 [http-nio-8080-exec-6] DEBUG org.springframework.web.servlet.DispatcherServlet - Completed 200 OK
2026-03-12 00:01:00.791 [http-nio-8080-exec-5] DEBUG org.springframework.web.servlet.DispatcherServlet - POST "/api/products", parameters={}
2026-03-12 00:01:00.799 [http-nio-8080-exec-5] DEBUG o.s.w.s.m.m.a.RequestMappingHandlerMapping - Mapped to com.campus.yujianhaowu.controller.ProductController#createProduct(Product, HttpServletRequest)
2026-03-12 00:01:00.807 [http-nio-8080-exec-5] DEBUG o.s.w.s.m.m.a.RequestResponseBodyMethodProcessor - Read "application/json;charset=UTF-8" to [Product(name=撒旦发生1, description=撒打发, price=0.01, originalPrice=null, stock=0, categoryId=1, sellerId (truncated)...]
2026-03-12 00:01:00.857 [http-nio-8080-exec-5] INFO  c.c.yujianhaowu.service.impl.ProductServiceImpl - 创建商品 - userId: 3, username: wangkt, role: seller
2026-03-12 00:01:00.905 [http-nio-8080-exec-5] INFO  c.c.yujianhaowu.service.impl.ProductServiceImpl - 商品创建成功，productId: 2
2026-03-12 00:01:00.930 [http-nio-8080-exec-5] DEBUG o.s.w.s.m.m.a.RequestResponseBodyMethodProcessor - Using 'application/json', given [application/json, text/plain, */*] and supported [application/json, application/*+json]
2026-03-12 00:01:00.935 [http-nio-8080-exec-5] DEBUG o.s.w.s.m.m.a.RequestResponseBodyMethodProcessor - Writing [Result(code=200, message=操作成功, data=2, timestamp=1773244860929)]
2026-03-12 00:01:00.944 [http-nio-8080-exec-5] DEBUG org.springframework.web.servlet.DispatcherServlet - Completed 200 OK
